#-----------------------------------------------------------
# Vivado v2018.3 (64-bit)
# SW Build 2405991 on Thu Dec  6 23:38:27 MST 2018
# IP Build 2404404 on Fri Dec  7 01:43:56 MST 2018
# Start of session at: Mon Mar 21 22:04:29 2022
# Process ID: 12624
# Current directory: E:/led_twinkle
# Command line: vivado.exe -gui_launcher_event rodinguilauncherevent1940 E:\led_twinkle\led_twinkle.xpr
# Log file: E:/led_twinkle/vivado.log
# Journal file: E:/led_twinkle\vivado.jou
#-----------------------------------------------------------
start_gui
open_project E:/led_twinkle/led_twinkle.xpr
INFO: [Project 1-313] Project file moved from 'E:/ZYNQ/led_twinkle' since last save.
Scanning sources...
Finished scanning sources
INFO: [IP_Flow 19-234] Refreshing IP repositories
INFO: [IP_Flow 19-1704] No user IP repositories specified
INFO: [IP_Flow 19-2313] Loaded Vivado IP repository 'D:/Xilinx/Vivado/2018.3/data/ip'.
open_project: Time (s): cpu = 00:00:19 ; elapsed = 00:00:07 . Memory (MB): peak = 711.172 ; gain = 100.414
update_compile_order -fileset sources_1
